c:\users\jacob clarkson\desktop\q-learning prac\clean_slate\debug\vc120.pdb
c:\users\jacob clarkson\desktop\q-learning prac\clean_slate\debug\vc120.idb
c:\users\jacob clarkson\desktop\q-learning prac\clean_slate\debug\c2dmatrix.obj
c:\users\jacob clarkson\desktop\q-learning prac\clean_slate\debug\cbackpropcontroller.obj
c:\users\jacob clarkson\desktop\q-learning prac\clean_slate\debug\ccollisionobject.obj
c:\users\jacob clarkson\desktop\q-learning prac\clean_slate\debug\ccontcollisionobject.obj
c:\users\jacob clarkson\desktop\q-learning prac\clean_slate\debug\ccontcontroller.obj
c:\users\jacob clarkson\desktop\q-learning prac\clean_slate\debug\ccontroller.obj
c:\users\jacob clarkson\desktop\q-learning prac\clean_slate\debug\ccontminesweeper.obj
c:\users\jacob clarkson\desktop\q-learning prac\clean_slate\debug\cdisccollisionobject.obj
c:\users\jacob clarkson\desktop\q-learning prac\clean_slate\debug\cdisccontroller.obj
c:\users\jacob clarkson\desktop\q-learning prac\clean_slate\debug\cdiscminesweeper.obj
c:\users\jacob clarkson\desktop\q-learning prac\clean_slate\debug\cneuralnet.obj
c:\users\jacob clarkson\desktop\q-learning prac\clean_slate\debug\cparams.obj
c:\users\jacob clarkson\desktop\q-learning prac\clean_slate\debug\cqlearningcontroller.obj
c:\users\jacob clarkson\desktop\q-learning prac\clean_slate\debug\ctimer.obj
c:\users\jacob clarkson\desktop\q-learning prac\clean_slate\debug\main.obj
c:\users\jacob clarkson\desktop\q-learning prac\clean_slate\debug\cminesweeper.obj
c:\users\jacob clarkson\desktop\q-learning prac\clean_slate\debug\utils.obj
c:\users\jacob clarkson\dropbox\2016 ml labs and assignment\q-learning prac\clean_slate\debug\vc120.pdb
c:\users\jacob clarkson\dropbox\2016 ml labs and assignment\q-learning prac\clean_slate\debug\vc120.idb
c:\users\jacob clarkson\dropbox\2016 ml labs and assignment\q-learning prac\clean_slate\debug\c2dmatrix.obj
c:\users\jacob clarkson\dropbox\2016 ml labs and assignment\q-learning prac\clean_slate\debug\ccollisionobject.obj
c:\users\jacob clarkson\dropbox\2016 ml labs and assignment\q-learning prac\clean_slate\debug\ccontcollisionobject.obj
c:\users\jacob clarkson\dropbox\2016 ml labs and assignment\q-learning prac\clean_slate\debug\ccontcontroller.obj
c:\users\jacob clarkson\dropbox\2016 ml labs and assignment\q-learning prac\clean_slate\debug\ccontroller.obj
c:\users\jacob clarkson\dropbox\2016 ml labs and assignment\q-learning prac\clean_slate\debug\ccontminesweeper.obj
c:\users\jacob clarkson\dropbox\2016 ml labs and assignment\q-learning prac\clean_slate\debug\cdisccollisionobject.obj
c:\users\jacob clarkson\dropbox\2016 ml labs and assignment\q-learning prac\clean_slate\debug\cdisccontroller.obj
c:\users\jacob clarkson\dropbox\2016 ml labs and assignment\q-learning prac\clean_slate\debug\cdiscminesweeper.obj
c:\users\jacob clarkson\dropbox\2016 ml labs and assignment\q-learning prac\clean_slate\debug\cparams.obj
c:\users\jacob clarkson\dropbox\2016 ml labs and assignment\q-learning prac\clean_slate\debug\cqlearningcontroller.obj
c:\users\jacob clarkson\dropbox\2016 ml labs and assignment\q-learning prac\clean_slate\debug\ctimer.obj
c:\users\jacob clarkson\dropbox\2016 ml labs and assignment\q-learning prac\clean_slate\debug\main.obj
c:\users\jacob clarkson\dropbox\2016 ml labs and assignment\q-learning prac\clean_slate\debug\cminesweeper.obj
c:\users\jacob clarkson\dropbox\2016 ml labs and assignment\q-learning prac\clean_slate\debug\utils.obj
c:\users\jclarkson\downloads\qlearning\clean_slate\debug\vc140.pdb
c:\users\jclarkson\downloads\qlearning\clean_slate\debug\vc140.idb
c:\users\jclarkson\downloads\qlearning\clean_slate\debug\c2dmatrix.obj
c:\users\jclarkson\downloads\qlearning\clean_slate\debug\ccollisionobject.obj
c:\users\jclarkson\downloads\qlearning\clean_slate\debug\ccontcollisionobject.obj
c:\users\jclarkson\downloads\qlearning\clean_slate\debug\ccontcontroller.obj
c:\users\jclarkson\downloads\qlearning\clean_slate\debug\ccontminesweeper.obj
c:\users\jclarkson\downloads\qlearning\clean_slate\debug\ccontroller.obj
c:\users\jclarkson\downloads\qlearning\clean_slate\debug\cdisccollisionobject.obj
c:\users\jclarkson\downloads\qlearning\clean_slate\debug\cdisccontroller.obj
c:\users\jclarkson\downloads\qlearning\clean_slate\debug\cdiscminesweeper.obj
c:\users\jclarkson\downloads\qlearning\clean_slate\debug\cminesweeper.obj
c:\users\jclarkson\downloads\qlearning\clean_slate\debug\cneuralnet.obj
c:\users\jclarkson\downloads\qlearning\clean_slate\debug\cparams.obj
c:\users\jclarkson\downloads\qlearning\clean_slate\debug\cqlearningcontroller.obj
c:\users\jclarkson\downloads\qlearning\clean_slate\debug\ctimer.obj
c:\users\jclarkson\downloads\qlearning\clean_slate\debug\main.obj
c:\users\jclarkson\downloads\qlearning\clean_slate\debug\utils.obj
c:\users\jacob clarkson\desktop\q-learning prac\clean_slate\debug\smart sweepers.ilk
c:\users\jacob clarkson\desktop\q-learning prac\clean_slate\debug\smart sweepers.exe
c:\users\jacob clarkson\desktop\q-learning prac\clean_slate\debug\smart sweepers.pdb
c:\users\jacob clarkson\dropbox\2016 ml labs and assignment\q-learning prac\clean_slate\debug\smart sweepers.ilk
c:\users\jacob clarkson\dropbox\2016 ml labs and assignment\q-learning prac\clean_slate\debug\smart sweepers.exe
c:\users\jacob clarkson\dropbox\2016 ml labs and assignment\q-learning prac\clean_slate\debug\smart sweepers.pdb
c:\users\jclarkson\downloads\qlearning\clean_slate\debug\smart sweepers.ilk
c:\users\jclarkson\downloads\qlearning\clean_slate\debug\smart sweepers.exe
c:\users\jclarkson\downloads\qlearning\clean_slate\debug\smart sweepers.pdb
c:\users\jacob clarkson\desktop\q-learning prac\clean_slate\debug\script1.res
c:\users\jacob clarkson\dropbox\2016 ml labs and assignment\q-learning prac\clean_slate\debug\script1.res
c:\users\jclarkson\downloads\qlearning\clean_slate\debug\script1.res
c:\users\jclarkson\downloads\qlearning\clean_slate\debug\cbackpropcontroller.obj
c:\users\jclarkson\downloads\qlearning\clean_slate\debug\vc120.idb
c:\users\jclarkson\downloads\qlearning\clean_slate\debug\vc120.pdb
c:\users\jclarkson\downloads\qlearning\clean_slate\debug\smart sweepers.tlog\cl.command.1.tlog
c:\users\jclarkson\downloads\qlearning\clean_slate\debug\smart sweepers.tlog\cl.read.1.tlog
c:\users\jclarkson\downloads\qlearning\clean_slate\debug\smart sweepers.tlog\cl.write.1.tlog
c:\users\jclarkson\downloads\qlearning\clean_slate\debug\smart sweepers.tlog\link.command.1.tlog
c:\users\jclarkson\downloads\qlearning\clean_slate\debug\smart sweepers.tlog\link.read.1.tlog
c:\users\jclarkson\downloads\qlearning\clean_slate\debug\smart sweepers.tlog\link.write.1.tlog
c:\users\jclarkson\downloads\qlearning\clean_slate\debug\smart sweepers.tlog\rc.command.1.tlog
c:\users\jclarkson\downloads\qlearning\clean_slate\debug\smart sweepers.tlog\rc.read.1.tlog
c:\users\jclarkson\downloads\qlearning\clean_slate\debug\smart sweepers.tlog\rc.write.1.tlog
